[debug] [2021-06-15T10:38:03.124Z] ----------------------------------------------------------------------
[debug] [2021-06-15T10:38:03.127Z] Command:       C:\Program Files\nodejs\node.exe C:\Users\Chavhan\AppData\Roaming\npm\node_modules\firebase-tools\lib\bin\firebase.js init
[debug] [2021-06-15T10:38:03.127Z] CLI Version:   9.12.1
[debug] [2021-06-15T10:38:03.127Z] Platform:      win32
[debug] [2021-06-15T10:38:03.127Z] Node Version:  v14.17.0
[debug] [2021-06-15T10:38:03.129Z] Time:          Tue Jun 15 2021 16:08:03 GMT+0530 (India Standard Time)
[debug] [2021-06-15T10:38:03.129Z] ----------------------------------------------------------------------
[debug] 
[debug] [2021-06-15T10:38:03.140Z] > command requires scopes: ["email","openid","https://www.googleapis.com/auth/cloudplatformprojects.readonly","https://www.googleapis.com/auth/firebase","https://www.googleapis.com/auth/cloud-platform"]
[debug] [2021-06-15T10:38:03.140Z] > authorizing via signed-in user (sankalpchavhan@gmail.com)
[info] 
     ######## #### ########  ######## ########     ###     ######  ########
     ##        ##  ##     ## ##       ##     ##  ##   ##  ##       ##
     ######    ##  ########  ######   ########  #########  ######  ######
     ##        ##  ##    ##  ##       ##     ## ##     ##       ## ##
     ##       #### ##     ## ######## ########  ##     ##  ######  ########

You're about to initialize a Firebase project in this directory:

  D:\covid-19-tracker

Before we get started, keep in mind:

  * You are initializing in an existing Firebase project directory

[info] 
=== Project Setup
[info] 
[info] First, let's associate this project directory with a Firebase project.
[info] You can create multiple project aliases by running firebase use --add, 
[info] but for now we'll just set up a default project.
[info] 
[info] i  .firebaserc already has a default project, using covid-19-tracker-6b2b7. 
[debug] [2021-06-15T10:39:32.908Z] > refreshing access token with scopes: []
[debug] [2021-06-15T10:39:32.909Z] >>> HTTP REQUEST POST https://www.googleapis.com/oauth2/v3/token  
 <request body omitted>
[debug] [2021-06-15T10:39:33.171Z] <<< HTTP RESPONSE 200 {"cache-control":"no-cache, no-store, max-age=0, must-revalidate","pragma":"no-cache","expires":"Mon, 01 Jan 1990 00:00:00 GMT","date":"Tue, 15 Jun 2021 10:39:31 GMT","content-type":"application/json; charset=utf-8","vary":"X-Origin, Referer, Origin,Accept-Encoding","server":"scaffolding on HTTPServer2","x-xss-protection":"0","x-frame-options":"SAMEORIGIN","x-content-type-options":"nosniff","alt-svc":"h3=\":443\"; ma=2592000,h3-29=\":443\"; ma=2592000,h3-T051=\":443\"; ma=2592000,h3-Q050=\":443\"; ma=2592000,h3-Q046=\":443\"; ma=2592000,h3-Q043=\":443\"; ma=2592000,quic=\":443\"; ma=2592000; v=\"46,43\"","accept-ranges":"none","transfer-encoding":"chunked"}
[debug] [2021-06-15T10:39:33.186Z] >>> [apiv2][query] GET https://firebase.googleapis.com/v1beta1/projects/covid-19-tracker-6b2b7 [none]
[debug] [2021-06-15T10:39:33.588Z] <<< [apiv2][status] GET https://firebase.googleapis.com/v1beta1/projects/covid-19-tracker-6b2b7 200
[debug] [2021-06-15T10:39:33.588Z] <<< [apiv2][body] GET https://firebase.googleapis.com/v1beta1/projects/covid-19-tracker-6b2b7 {"projectId":"covid-19-tracker-6b2b7","projectNumber":"347486305292","displayName":"Covid-19-tracker","name":"projects/covid-19-tracker-6b2b7","resources":{"hostingSite":"covid-19-tracker-6b2b7"},"state":"ACTIVE"}
[info] 
=== Hosting Setup
[info] 
[info] Your public directory is the folder (relative to your project directory) that
[info] will contain Hosting assets to be uploaded with firebase deploy. If you
[info] have a build process for your assets, use your build's output directory.
[info] 
